<?xml version="1.0" encoding="UTF-8"?>
<!-- Generated by org.testng.reporters.JUnitReportReporter -->
<testsuite hostname="DESKTOP-0QRM3M5" failures="0" tests="1" name="tests.BaseClass" time="6.540" errors="0" timestamp="2021-10-14T14:34:35 ICT" skipped="0">
  <testcase classname="tests.BaseClass" name="sampleTest" time="6.540"/>
  <system-out/>
</testsuite> <!-- tests.BaseClass -->
